2014-03-07 08:14:56,492 WARN  [SoapUI] Missing folder [C:\Users\henrik.olsson\Documents\GitHub\loadui\.\ext] for external libraries
2014-03-07 08:14:56,637 INFO  [DefaultSoapUICore] initialized soapui-settings from [C:\Users\henrik.olsson\soapui-settings.xml]
2014-03-07 08:14:57,868 INFO  [WsdlProject] Loaded project from [file:/C:/Users/henrik.olsson/Documents/GitHub/loadui/loadui-soapui-plugin/target/test-classes/soapUI-loadUI-plugin-project.xml]
2014-03-07 08:14:58,947 INFO  [SoapUISamplerComponent] UPDATING PROJECT FILE IN THE SELECTOR BECAUSE PROJECT WAS INIT ED
2014-03-07 08:14:58,947 INFO  [SoapUiProjectHolder] Updating project file property to C:\Users\henrik.olsson\Documents\GitHub\loadui\loadui-soapui-plugin\target\test-classes\soapUI-loadUI-plugin-project.xml
2014-03-07 08:14:59,681 INFO  [jetty] Logging to com.eviware.soapui.support.log.JettyLogger@251cc3e7 via com.eviware.soapui.support.log.JettyLogger
2014-03-07 08:14:59,806 INFO  [jetty] jetty-6.1.26
2014-03-07 08:14:59,838 INFO  [jetty] Started JettyMockEngine$SoapUIConnector@0.0.0.0:8087
2014-03-07 08:14:59,838 INFO  [JettyMockEngine] Started mockService [RESTMock] on port [8087] at path [/]
2014-03-07 08:15:00,982 INFO  [JettyMockEngine] Stopped MockService [RESTMock] on port [8087]
2014-03-07 08:15:00,986 INFO  [BeanInjector] BundleContext set successfully
2014-03-07 08:15:01,008 INFO  [DefaultSoapUICore] Importing preferences from [C:\Users\henrik.olsson\soapui-settings.xml]
2014-03-07 08:15:01,009 INFO  [HttpClientSupport$Helper] Updating keyStore..
2014-03-07 08:15:01,015 INFO  [SoapUiProjectHolder] Current project file is null
2014-03-07 08:15:01,015 INFO  [SoapUiProjectHolder] Initial project file will be set to null
2014-03-07 08:15:01,015 INFO  [DefaultSoapUICore] Importing preferences from [C:\Users\henrik.olsson\soapui-settings.xml]
2014-03-07 08:15:01,016 INFO  [HttpClientSupport$Helper] Updating keyStore..
2014-03-07 08:15:01,019 INFO  [SoapUISamplerComponent] UPDATING PROJECT FILE IN THE SELECTOR BECAUSE PROJECT WAS INIT ED
2014-03-07 08:15:01,019 INFO  [SoapUiProjectHolder] Updating project file property to C:\Users\henrik.olsson\Documents\GitHub\loadui\loadui-soapui-plugin\target\test-classes\soapUI-loadUI-plugin-project.xml
2014-03-07 08:15:01,022 INFO  [DefaultSoapUICore] Importing preferences from [C:\Users\henrik.olsson\soapui-settings.xml]
2014-03-07 08:15:01,023 INFO  [HttpClientSupport$Helper] Updating keyStore..
2014-03-07 08:15:01,071 INFO  [BeanInjector] BundleContext set successfully
2014-03-07 08:15:01,087 INFO  [DefaultSoapUICore] Importing preferences from [C:\Users\henrik.olsson\soapui-settings.xml]
2014-03-07 08:15:01,088 INFO  [HttpClientSupport$Helper] Updating keyStore..
2014-03-07 08:15:01,094 INFO  [SoapUiProjectHolder] Current project file is null
2014-03-07 08:15:01,094 INFO  [SoapUiProjectHolder] Initial project file will be set to null
2014-03-07 08:15:01,094 INFO  [DefaultSoapUICore] Importing preferences from [C:\Users\henrik.olsson\soapui-settings.xml]
2014-03-07 08:15:01,096 INFO  [HttpClientSupport$Helper] Updating keyStore..
2014-03-07 08:15:01,097 INFO  [SoapUISamplerComponent] UPDATING PROJECT FILE IN THE SELECTOR BECAUSE PROJECT WAS INIT ED
2014-03-07 08:15:01,097 INFO  [SoapUiProjectHolder] Updating project file property to C:\Users\henrik.olsson\Documents\GitHub\loadui\loadui-soapui-plugin\target\test-classes\soapUI-loadUI-plugin-project.xml
2014-03-07 08:15:01,102 INFO  [DefaultSoapUICore] Importing preferences from [C:\Users\henrik.olsson\soapui-settings.xml]
2014-03-07 08:15:01,103 INFO  [HttpClientSupport$Helper] Updating keyStore..
2014-03-07 08:15:01,185 INFO  [BeanInjector] BundleContext set successfully
2014-03-07 08:15:01,206 INFO  [DefaultSoapUICore] Importing preferences from [C:\Users\henrik.olsson\soapui-settings.xml]
2014-03-07 08:15:01,207 INFO  [HttpClientSupport$Helper] Updating keyStore..
2014-03-07 08:15:01,214 INFO  [SoapUiProjectHolder] Current project file is null
2014-03-07 08:15:01,214 INFO  [SoapUiProjectHolder] Initial project file will be set to null
2014-03-07 08:15:01,214 INFO  [DefaultSoapUICore] Importing preferences from [C:\Users\henrik.olsson\soapui-settings.xml]
2014-03-07 08:15:01,215 INFO  [HttpClientSupport$Helper] Updating keyStore..
2014-03-07 08:15:01,217 INFO  [SoapUISamplerComponent] UPDATING PROJECT FILE IN THE SELECTOR BECAUSE PROJECT WAS INIT ED
2014-03-07 08:15:01,217 INFO  [SoapUiProjectHolder] Updating project file property to C:\Users\henrik.olsson\Documents\GitHub\loadui\loadui-soapui-plugin\target\test-classes\soapUI-loadUI-plugin-project.xml
2014-03-07 08:15:01,223 INFO  [DefaultSoapUICore] Importing preferences from [C:\Users\henrik.olsson\soapui-settings.xml]
2014-03-07 08:15:01,224 INFO  [HttpClientSupport$Helper] Updating keyStore..
2014-03-07 08:15:01,310 INFO  [BeanInjector] BundleContext set successfully
2014-03-07 08:15:01,327 INFO  [DefaultSoapUICore] Importing preferences from [C:\Users\henrik.olsson\soapui-settings.xml]
2014-03-07 08:15:01,328 INFO  [HttpClientSupport$Helper] Updating keyStore..
2014-03-07 08:15:01,334 INFO  [SoapUiProjectHolder] Current project file is null
2014-03-07 08:15:01,334 INFO  [SoapUiProjectHolder] Initial project file will be set to null
2014-03-07 08:15:01,334 INFO  [DefaultSoapUICore] Importing preferences from [C:\Users\henrik.olsson\soapui-settings.xml]
2014-03-07 08:15:01,335 INFO  [HttpClientSupport$Helper] Updating keyStore..
2014-03-07 08:15:01,338 INFO  [SoapUISamplerComponent] UPDATING PROJECT FILE IN THE SELECTOR BECAUSE PROJECT WAS INIT ED
2014-03-07 08:15:01,338 INFO  [SoapUiProjectHolder] Updating project file property to C:\Users\henrik.olsson\Documents\GitHub\loadui\loadui-soapui-plugin\target\test-classes\soapUI-loadUI-plugin-project.xml
2014-03-07 08:15:01,341 INFO  [DefaultSoapUICore] Importing preferences from [C:\Users\henrik.olsson\soapui-settings.xml]
2014-03-07 08:15:01,342 INFO  [HttpClientSupport$Helper] Updating keyStore..
2014-03-07 08:15:01,484 INFO  [jetty] Stopped JettyMockEngine$SoapUIConnector@0.0.0.0:8087
2014-03-07 08:15:01,485 INFO  [jetty] jetty-6.1.26
2014-03-07 08:15:01,486 INFO  [jetty] Started JettyMockEngine$SoapUIConnector@0.0.0.0:8087
2014-03-07 08:15:01,487 INFO  [jetty] Started JettyMockEngine$SoapUIConnector@0.0.0.0:8085
2014-03-07 08:15:01,487 INFO  [JettyMockEngine] Started mockService [CyclicBarrier] on port [8085] at path [/]
2014-03-07 08:15:06,520 INFO  [BeanInjector] BundleContext set successfully
2014-03-07 08:15:06,536 INFO  [DefaultSoapUICore] Importing preferences from [C:\Users\henrik.olsson\soapui-settings.xml]
2014-03-07 08:15:06,537 INFO  [HttpClientSupport$Helper] Updating keyStore..
2014-03-07 08:15:06,546 INFO  [SoapUiProjectHolder] Current project file is null
2014-03-07 08:15:06,546 INFO  [SoapUiProjectHolder] Initial project file will be set to null
2014-03-07 08:15:06,546 INFO  [DefaultSoapUICore] Importing preferences from [C:\Users\henrik.olsson\soapui-settings.xml]
2014-03-07 08:15:06,547 INFO  [HttpClientSupport$Helper] Updating keyStore..
2014-03-07 08:15:06,556 INFO  [SoapUISamplerComponent] UPDATING PROJECT FILE IN THE SELECTOR BECAUSE PROJECT WAS INIT ED
2014-03-07 08:15:06,557 INFO  [SoapUiProjectHolder] Updating project file property to C:\Users\henrik.olsson\Documents\GitHub\loadui\loadui-soapui-plugin\target\test-classes\soapUI-loadUI-plugin-project.xml
2014-03-07 08:15:06,563 INFO  [DefaultSoapUICore] Importing preferences from [C:\Users\henrik.olsson\soapui-settings.xml]
2014-03-07 08:15:06,564 INFO  [HttpClientSupport$Helper] Updating keyStore..
2014-03-07 08:15:06,572 INFO  [JettyMockEngine] Stopped MockService [CyclicBarrier] on port [8085]
2014-03-07 08:15:06,576 ERROR [SoapUI] An error occured [java.util.ConcurrentModificationException], see error log for details
2014-03-07 08:15:06,577 ERROR [errorlog] java.util.ConcurrentModificationException
java.util.ConcurrentModificationException
	at java.util.ArrayList$Itr.checkForComodification(ArrayList.java:859)
	at java.util.ArrayList$Itr.next(ArrayList.java:831)
	at com.eviware.soapui.monitor.JettyMockEngine$ServerHandler.handle(JettyMockEngine.java:708)
	at org.mortbay.jetty.handler.HandlerCollection.handle(HandlerCollection.java:114)
	at org.mortbay.jetty.handler.HandlerWrapper.handle(HandlerWrapper.java:152)
	at org.mortbay.jetty.Server.handle(Server.java:326)
	at org.mortbay.jetty.HttpConnection.handleRequest(HttpConnection.java:542)
	at org.mortbay.jetty.HttpConnection$RequestHandler.headerComplete(HttpConnection.java:928)
	at org.mortbay.jetty.HttpParser.parseNext(HttpParser.java:549)
	at org.mortbay.jetty.HttpParser.parseAvailable(HttpParser.java:212)
	at org.mortbay.jetty.HttpConnection.handle(HttpConnection.java:404)
	at org.mortbay.io.nio.SelectChannelEndPoint.run(SelectChannelEndPoint.java:410)
	at java.util.concurrent.ThreadPoolExecutor.runWorker(ThreadPoolExecutor.java:1145)
	at java.util.concurrent.ThreadPoolExecutor$Worker.run(ThreadPoolExecutor.java:615)
	at java.lang.Thread.run(Thread.java:744)
2014-03-07 08:15:06,609 INFO  [SchemaUtils] Added default schema from file:/C:/Users/henrik.olsson/.m2/repository/com/smartbear/soapui/soapui/4.5.2/soapui-4.5.2.jar!/com/eviware/soapui/resources/xsds/xop.xsd with targetNamespace http://www.w3.org/2004/08/xop/include
2014-03-07 08:15:06,667 INFO  [jetty] Stopped JettyMockEngine$SoapUIConnector@0.0.0.0:8085
2014-03-07 08:15:06,672 INFO  [SchemaUtils] Added default schema from file:/C:/Users/henrik.olsson/.m2/repository/com/smartbear/soapui/soapui/4.5.2/soapui-4.5.2.jar!/com/eviware/soapui/resources/xsds/XMLSchema.xsd with targetNamespace http://www.w3.org/2001/XMLSchema
2014-03-07 08:15:06,675 INFO  [HttpClientSupport$SoapUIHttpClient] I/O exception (org.apache.http.NoHttpResponseException) caught when processing request: The target server failed to respond
2014-03-07 08:15:06,676 INFO  [jetty] Stopped JettyMockEngine$SoapUIConnector@0.0.0.0:8087
2014-03-07 08:15:06,679 INFO  [jetty] jetty-6.1.26
2014-03-07 08:15:06,681 INFO  [jetty] Started JettyMockEngine$SoapUIConnector@0.0.0.0:8087
2014-03-07 08:15:06,683 INFO  [jetty] Started JettyMockEngine$SoapUIConnector@0.0.0.0:8085
2014-03-07 08:15:06,685 INFO  [HttpClientSupport$SoapUIHttpClient] Retrying request
2014-03-07 08:15:06,687 INFO  [jetty] Started JettyMockEngine$SoapUIConnector@0.0.0.0:8086
2014-03-07 08:15:06,688 INFO  [JettyMockEngine] Started mockService [DummyMock] on port [8086] at path [/]
2014-03-07 08:15:06,677 INFO  [SchemaUtils] Added default schema from file:/C:/Users/henrik.olsson/.m2/repository/com/smartbear/soapui/soapui/4.5.2/soapui-4.5.2.jar!/com/eviware/soapui/resources/xsds/xml.xsd with targetNamespace http://www.w3.org/XML/1998/namespace
2014-03-07 08:15:06,694 INFO  [SchemaUtils] Added default schema from file:/C:/Users/henrik.olsson/.m2/repository/com/smartbear/soapui/soapui/4.5.2/soapui-4.5.2.jar!/com/eviware/soapui/resources/xsds/swaref.xsd with targetNamespace http://ws-i.org/profiles/basic/1.1/xsd
2014-03-07 08:15:06,697 INFO  [SchemaUtils] Added default schema from file:/C:/Users/henrik.olsson/.m2/repository/com/smartbear/soapui/soapui/4.5.2/soapui-4.5.2.jar!/com/eviware/soapui/resources/xsds/xmime200505.xsd with targetNamespace http://www.w3.org/2005/05/xmlmime
2014-03-07 08:15:06,699 INFO  [SchemaUtils] Added default schema from file:/C:/Users/henrik.olsson/.m2/repository/com/smartbear/soapui/soapui/4.5.2/soapui-4.5.2.jar!/com/eviware/soapui/resources/xsds/xmime200411.xsd with targetNamespace http://www.w3.org/2004/11/xmlmime
2014-03-07 08:15:06,704 INFO  [SchemaUtils] Added default schema from file:/C:/Users/henrik.olsson/.m2/repository/com/smartbear/soapui/soapui/4.5.2/soapui-4.5.2.jar!/com/eviware/soapui/resources/xsds/soapEnvelope.xsd with targetNamespace http://schemas.xmlsoap.org/soap/envelope/
2014-03-07 08:15:06,717 INFO  [SchemaUtils] Added default schema from file:/C:/Users/henrik.olsson/.m2/repository/com/smartbear/soapui/soapui/4.5.2/soapui-4.5.2.jar!/com/eviware/soapui/resources/xsds/soapEncoding.xsd with targetNamespace http://schemas.xmlsoap.org/soap/encoding/
2014-03-07 08:15:06,724 INFO  [SchemaUtils] Added default schema from file:/C:/Users/henrik.olsson/.m2/repository/com/smartbear/soapui/soapui/4.5.2/soapui-4.5.2.jar!/com/eviware/soapui/resources/xsds/soapEnvelope12.xsd with targetNamespace http://www.w3.org/2003/05/soap-envelope
2014-03-07 08:15:06,732 INFO  [JettyMockEngine] Started mockService [DummyMock] on port [8086] at path [/]
2014-03-07 08:15:06,740 INFO  [SchemaUtils] Added default schema from file:/C:/Users/henrik.olsson/.m2/repository/com/smartbear/soapui/soapui/4.5.2/soapui-4.5.2.jar!/com/eviware/soapui/resources/xsds/soapEncoding12.xsd with targetNamespace http://www.w3.org/2003/05/soap-encoding
2014-03-07 08:15:06,783 ERROR [SoapUI] An error occured [java.util.ConcurrentModificationException], see error log for details
2014-03-07 08:15:06,784 ERROR [errorlog] java.util.ConcurrentModificationException
java.util.ConcurrentModificationException
	at java.util.ArrayList$Itr.checkForComodification(ArrayList.java:859)
	at java.util.ArrayList$Itr.next(ArrayList.java:831)
	at com.eviware.soapui.monitor.JettyMockEngine$ServerHandler.handle(JettyMockEngine.java:708)
	at org.mortbay.jetty.handler.HandlerCollection.handle(HandlerCollection.java:114)
	at org.mortbay.jetty.handler.HandlerWrapper.handle(HandlerWrapper.java:152)
	at org.mortbay.jetty.Server.handle(Server.java:326)
	at org.mortbay.jetty.HttpConnection.handleRequest(HttpConnection.java:542)
	at org.mortbay.jetty.HttpConnection$RequestHandler.headerComplete(HttpConnection.java:928)
	at org.mortbay.jetty.HttpParser.parseNext(HttpParser.java:549)
	at org.mortbay.jetty.HttpParser.parseAvailable(HttpParser.java:212)
	at org.mortbay.jetty.HttpConnection.handle(HttpConnection.java:404)
	at org.mortbay.io.nio.SelectChannelEndPoint.run(SelectChannelEndPoint.java:410)
	at java.util.concurrent.ThreadPoolExecutor.runWorker(ThreadPoolExecutor.java:1145)
	at java.util.concurrent.ThreadPoolExecutor$Worker.run(ThreadPoolExecutor.java:615)
	at java.lang.Thread.run(Thread.java:744)
2014-03-07 08:15:06,818 INFO  [JettyMockEngine] Stopped MockService [DummyMock] on port [8086]
2014-03-07 08:15:06,818 INFO  [JettyMockEngine] Stopped MockService [DummyMock] on port [8086]
2014-03-07 08:15:06,820 INFO  [BeanInjector] BundleContext set successfully
2014-03-07 08:15:06,839 INFO  [DefaultSoapUICore] Importing preferences from [C:\Users\henrik.olsson\soapui-settings.xml]
2014-03-07 08:15:06,839 INFO  [HttpClientSupport$Helper] Updating keyStore..
2014-03-07 08:15:06,845 INFO  [SoapUiProjectHolder] Current project file is null
2014-03-07 08:15:06,845 INFO  [SoapUiProjectHolder] Initial project file will be set to null
2014-03-07 08:15:06,845 INFO  [DefaultSoapUICore] Importing preferences from [C:\Users\henrik.olsson\soapui-settings.xml]
2014-03-07 08:15:06,846 INFO  [HttpClientSupport$Helper] Updating keyStore..
2014-03-07 08:15:06,848 INFO  [SoapUISamplerComponent] UPDATING PROJECT FILE IN THE SELECTOR BECAUSE PROJECT WAS INIT ED
2014-03-07 08:15:06,849 INFO  [SoapUiProjectHolder] Updating project file property to C:\Users\henrik.olsson\Documents\GitHub\loadui\loadui-soapui-plugin\target\test-classes\soapUI-loadUI-plugin-project.xml
2014-03-07 08:15:06,854 INFO  [DefaultSoapUICore] Importing preferences from [C:\Users\henrik.olsson\soapui-settings.xml]
2014-03-07 08:15:06,855 INFO  [HttpClientSupport$Helper] Updating keyStore..
2014-03-07 08:15:06,960 INFO  [JettyMockEngine] Started mockService [DummyMock] on port [8086] at path [/]
2014-03-07 08:15:07,502 INFO  [JettyMockEngine] Stopped MockService [DummyMock] on port [8086]
2014-03-07 08:15:07,505 INFO  [BeanInjector] BundleContext set successfully
2014-03-07 08:15:07,527 INFO  [DefaultSoapUICore] Importing preferences from [C:\Users\henrik.olsson\soapui-settings.xml]
2014-03-07 08:15:07,528 INFO  [HttpClientSupport$Helper] Updating keyStore..
2014-03-07 08:15:07,535 INFO  [SoapUiProjectHolder] Current project file is null
2014-03-07 08:15:07,535 INFO  [SoapUiProjectHolder] Initial project file will be set to null
2014-03-07 08:15:07,536 INFO  [DefaultSoapUICore] Importing preferences from [C:\Users\henrik.olsson\soapui-settings.xml]
2014-03-07 08:15:07,537 INFO  [HttpClientSupport$Helper] Updating keyStore..
2014-03-07 08:15:07,542 INFO  [SoapUISamplerComponent] UPDATING PROJECT FILE IN THE SELECTOR BECAUSE PROJECT WAS INIT ED
2014-03-07 08:15:07,542 INFO  [SoapUiProjectHolder] Updating project file property to C:\Users\henrik.olsson\Documents\GitHub\loadui\loadui-soapui-plugin\target\test-classes\soapUI-loadUI-plugin-project.xml
2014-03-07 08:15:07,546 INFO  [DefaultSoapUICore] Importing preferences from [C:\Users\henrik.olsson\soapui-settings.xml]
2014-03-07 08:15:07,547 INFO  [HttpClientSupport$Helper] Updating keyStore..
2014-03-07 08:15:07,677 INFO  [JettyMockEngine] Started mockService [DummyMock] on port [8086] at path [/]
2014-03-07 08:15:08,182 INFO  [JettyMockEngine] Stopped MockService [DummyMock] on port [8086]
2014-03-07 08:15:08,183 INFO  [BeanInjector] BundleContext set successfully
2014-03-07 08:15:08,203 INFO  [DefaultSoapUICore] Importing preferences from [C:\Users\henrik.olsson\soapui-settings.xml]
2014-03-07 08:15:08,203 INFO  [HttpClientSupport$Helper] Updating keyStore..
2014-03-07 08:15:08,209 INFO  [SoapUiProjectHolder] Current project file is null
2014-03-07 08:15:08,209 INFO  [SoapUiProjectHolder] Initial project file will be set to null
2014-03-07 08:15:08,209 INFO  [DefaultSoapUICore] Importing preferences from [C:\Users\henrik.olsson\soapui-settings.xml]
2014-03-07 08:15:08,210 INFO  [HttpClientSupport$Helper] Updating keyStore..
2014-03-07 08:15:08,212 INFO  [SoapUISamplerComponent] UPDATING PROJECT FILE IN THE SELECTOR BECAUSE PROJECT WAS INIT ED
2014-03-07 08:15:08,212 INFO  [SoapUiProjectHolder] Updating project file property to C:\Users\henrik.olsson\Documents\GitHub\loadui\loadui-soapui-plugin\target\test-classes\soapUI-loadUI-plugin-project.xml
2014-03-07 08:15:08,217 INFO  [DefaultSoapUICore] Importing preferences from [C:\Users\henrik.olsson\soapui-settings.xml]
2014-03-07 08:15:08,218 INFO  [HttpClientSupport$Helper] Updating keyStore..
2014-03-07 08:15:08,293 INFO  [JettyMockEngine] Started mockService [RESTMock] on port [8087] at path [/]
2014-03-07 08:15:08,324 INFO  [JettyMockEngine] Stopped MockService [RESTMock] on port [8087]
2014-03-07 08:15:08,325 INFO  [BeanInjector] BundleContext set successfully
2014-03-07 08:15:08,343 INFO  [DefaultSoapUICore] Importing preferences from [C:\Users\henrik.olsson\soapui-settings.xml]
2014-03-07 08:15:08,344 INFO  [HttpClientSupport$Helper] Updating keyStore..
2014-03-07 08:15:08,353 INFO  [SoapUiProjectHolder] Current project file is null
2014-03-07 08:15:08,353 INFO  [SoapUiProjectHolder] Initial project file will be set to null
2014-03-07 08:15:08,353 INFO  [DefaultSoapUICore] Importing preferences from [C:\Users\henrik.olsson\soapui-settings.xml]
2014-03-07 08:15:08,353 INFO  [HttpClientSupport$Helper] Updating keyStore..
2014-03-07 08:15:08,356 INFO  [SoapUISamplerComponent] UPDATING PROJECT FILE IN THE SELECTOR BECAUSE PROJECT WAS INIT ED
2014-03-07 08:15:08,356 INFO  [SoapUiProjectHolder] Updating project file property to C:\Users\henrik.olsson\Documents\GitHub\loadui\loadui-soapui-plugin\target\test-classes\soapUI-loadUI-plugin-project.xml
2014-03-07 08:15:08,358 INFO  [DefaultSoapUICore] Importing preferences from [C:\Users\henrik.olsson\soapui-settings.xml]
2014-03-07 08:15:08,359 INFO  [HttpClientSupport$Helper] Updating keyStore..
